  *******************************************
  *                                         *
  *        W E L C O M E  to  R O O T       *
  *                                         *
  *   Version   5.34/15  11 February 2014   *
  *                                         *
  *  You are welcome to visit our Web site  *
  *          http://root.cern.ch            *
  *                                         *
  *******************************************

ROOT 5.34/15 (heads/v5-34-00-patches@v5-34-14-208-ga0146c9, Feb 21 2014, 17:46:00 on macosx64)

CINT/ROOT C/C++ Interpreter version 5.18.00, July 2, 2010
Type ? for help. Commands must be C++ statements.
Enclose multiple statements between { }.
Info in <TMacOSXSystem::ACLiC>: creating shared library /Users/ginnocen/Github/Bntuple/UncertaintyCut/./StudyUncCut_C.so
In file included from /Users/ginnocen/Github/Bntuple/UncertaintyCut/StudyUncCut_C_ACLiC_dict.cxx:17:
In file included from /Users/ginnocen/Github/Bntuple/UncertaintyCut/StudyUncCut_C_ACLiC_dict.h:34:
/Users/ginnocen/Github/Bntuple/UncertaintyCut/./StudyUncCut.C:92:37: warning: data argument not used by format string [-Wformat-extra-args]
   TF1 *Bkpi = new TF1(Form("fBkpi",count),"[0]*("+iNP+")");
                            ~~~~~~~ ^
/Users/ginnocen/Github/Bntuple/UncertaintyCut/./StudyUncCut.C:101:37: warning: data argument not used by format string [-Wformat-extra-args]
   TF1 *mass = new TF1(Form("fmass",count),"[0]*([3]*Gaus(x,[1],[2])/(sqrt(2*3.14159)*[2])+(1-[3])*Gaus(x,[1],[4])/(sqrt(2*3.14159)*[4]))");
                            ~~~~~~~ ^
/Users/ginnocen/Github/Bntuple/UncertaintyCut/./StudyUncCut.C:213:12: warning: unused variable 'cCor' [-Wunused-variable]
  TCanvas *cCor=  new TCanvas("cCorResult","",600,600);
           ^
/Users/ginnocen/Github/Bntuple/UncertaintyCut/./StudyUncCut.C:222:12: warning: unused variable 'cSigma' [-Wunused-variable]
  TCanvas *cSigma=  new TCanvas("cSigma","",600,600);
           ^
/Users/ginnocen/Github/Bntuple/UncertaintyCut/./StudyUncCut.C:191:12: warning: unused variable 'c' [-Wunused-variable]
  TCanvas *c=  new TCanvas("cResult","",600,600);
           ^
/Users/ginnocen/Github/Bntuple/UncertaintyCut/./StudyUncCut.C:178:9: warning: unused variable 'hGenPtSelected' [-Wunused-variable]
  TH1D *hGenPtSelected = new TH1D("hGenPtSelected","",nBins,ptBins);
        ^
/Users/ginnocen/Github/Bntuple/UncertaintyCut/./StudyUncCut.C:239:52: warning: unused variable 'cutvalueup' [-Wunused-variable]
  Double_t valuemin,valuemax,stepvalue,cutvaluelow,cutvalueup;
                                                   ^
/Users/ginnocen/Github/Bntuple/UncertaintyCut/./StudyUncCut.C:239:40: warning: unused variable 'cutvaluelow' [-Wunused-variable]
  Double_t valuemin,valuemax,stepvalue,cutvaluelow,cutvalueup;
                                       ^
/Users/ginnocen/Github/Bntuple/UncertaintyCut/./StudyUncCut.C:239:30: warning: unused variable 'stepvalue' [-Wunused-variable]
  Double_t valuemin,valuemax,stepvalue,cutvaluelow,cutvalueup;
                             ^
/Users/ginnocen/Github/Bntuple/UncertaintyCut/./StudyUncCut.C:239:12: warning: unused variable 'valuemin' [-Wunused-variable]
  Double_t valuemin,valuemax,stepvalue,cutvaluelow,cutvalueup;
           ^
/Users/ginnocen/Github/Bntuple/UncertaintyCut/./StudyUncCut.C:239:21: warning: unused variable 'valuemax' [-Wunused-variable]
  Double_t valuemin,valuemax,stepvalue,cutvaluelow,cutvalueup;
                    ^
11 warnings generated.
 FCN=29.7961 FROM HESSE     STATUS=FAILED         23 CALLS         629 TOTAL
                     EDM=1.38982e-07    STRATEGY= 1  ERROR MATRIX UNCERTAINTY 100.0 per cent
  EXT PARAMETER                APPROXIMATE        STEP         FIRST   
  NO.   NAME      VALUE            ERROR          SIZE      DERIVATIVE 
   1  p0           5.71848e+01   1.07323e+00   4.07915e-03   8.15618e-06
   2  p1           5.27881e+00   4.33756e-04   2.51713e-06  -1.38475e-02
   3  p2           4.97464e-02   4.02015e-03   2.46807e-03   2.70068e-04
   4  p3           5.99205e+00   1.67782e-01   6.37682e-04   6.00006e-04
   5  p4          -8.92882e-01   2.94261e-02   3.74444e-06   8.39985e-02
   6  p5           9.29589e-03   4.09109e-03   1.55491e-05   8.07365e-03
   7  p6          -3.63253e+05   2.40000e+00   2.40000e-02  -5.74987e-02
   8  p7           1.94971e-01   1.41162e-02   1.41162e-04  -8.99444e+00
   9  p8           1.88233e-02   3.83131e-04   3.83131e-06   3.50125e-01
                               ERR DEF= 0.5
 FCN=28.3449 FROM HESSE     STATUS=FAILED         21 CALLS         407 TOTAL
                     EDM=6.02137e-07    STRATEGY= 1  ERROR MATRIX UNCERTAINTY 100.0 per cent
  EXT PARAMETER                APPROXIMATE        STEP         FIRST   
  NO.   NAME      VALUE            ERROR          SIZE      DERIVATIVE 
   1  p0           2.71759e+00   2.48064e-01   9.19954e-04   9.40484e-04
   2  p1           5.27718e+00   2.19773e-03   8.15058e-06   1.91790e-02
   3  p2           4.97464e-02     fixed    
   4  p3           2.04312e+00   2.34869e-01   8.70868e-04  -2.62193e-03
   5  p4          -6.59702e-07   7.03809e-01   1.89639e-04** at limit **
   6  p5           2.26640e-02   5.40544e-03   2.00416e-05   3.80409e-02
   7  p6          -9.70883e+05   5.65685e+00   5.65685e-02  -5.16415e-02
   8  p7           1.94971e-01     fixed    
   9  p8           1.88233e-02     fixed    
                               ERR DEF= 0.5
269
Info in <TCanvas::Print>: pdf file Results/CutId2/BMass-Id2_Step0_isData1.pdf has been created
Warning in <TH1D::Sumw2>: Sum of squares of weights structure already created
Warning in <TH1D::Sumw2>: Sum of squares of weights structure already created
Warning in <TH1D::Sumw2>: Sum of squares of weights structure already created
Warning in <TCanvas::Constructor>: Deleting canvas with same name: c1
 FCN=29.7961 FROM HESSE     STATUS=FAILED         23 CALLS         629 TOTAL
                     EDM=1.75795e-07    STRATEGY= 1  ERROR MATRIX UNCERTAINTY 100.0 per cent
  EXT PARAMETER                APPROXIMATE        STEP         FIRST   
  NO.   NAME      VALUE            ERROR          SIZE      DERIVATIVE 
   1  p0           5.71848e+01   1.07323e+00   4.07915e-03   9.36673e-06
   2  p1           5.27881e+00   4.33756e-04   2.51713e-06  -1.53140e-02
   3  p2           4.97466e-02   4.02356e-03   2.46919e-03   3.00372e-04
   4  p3           5.99222e+00   1.67782e-01   6.37679e-04   7.00581e-04
   5  p4          -8.92912e-01   2.94261e-02   3.74436e-06   9.97313e-02
   6  p5           9.29573e-03   4.09110e-03   1.55491e-05   9.72931e-03
   7  p6          -3.63253e+05   2.40000e+00   2.40000e-02  -5.74987e-02
   8  p7           1.94969e-01   1.41161e-02   1.41161e-04  -8.99442e+00
   9  p8           1.88234e-02   3.83131e-04   3.83131e-06   3.50126e-01
                               ERR DEF= 0.5
 FCN=29.7961 FROM HESSE     STATUS=FAILED         21 CALLS         362 TOTAL
                     EDM=5.69489e-09    STRATEGY= 1  ERROR MATRIX UNCERTAINTY 100.0 per cent
  EXT PARAMETER                APPROXIMATE        STEP         FIRST   
  NO.   NAME      VALUE            ERROR          SIZE      DERIVATIVE 
   1  p0           5.71849e+01   1.07323e+00   4.07915e-03   1.85246e-06
   2  p1           5.27881e+00   4.33756e-04   2.51713e-06  -4.37819e-03
   3  p2           4.97466e-02     fixed    
   4  p3           5.98522e+00   1.67788e-01   6.37724e-04   1.18639e-04
   5  p4          -8.91695e-01   2.94275e-02   3.74724e-06   3.88377e-02
   6  p5           9.30074e-03   4.09110e-03   1.55493e-05  -7.64239e-03
   7  p6          -7.60152e+05   1.92000e+01   1.92000e-01  -1.52150e-02
   8  p7           1.94969e-01     fixed    
   9  p8           1.88234e-02     fixed    
                               ERR DEF= 0.5
2926
Info in <TCanvas::Print>: pdf file Results/CutId2/BMass-Id2_Step0_isData0.pdf has been created
Warning in <TCanvas::Constructor>: Deleting canvas with same name: cResult
Warning in <TH1D::Sumw2>: Sum of squares of weights structure already created
Warning in <TH1D::Sumw2>: Sum of squares of weights structure already created
Warning in <TH1D::Sumw2>: Sum of squares of weights structure already created
Warning in <TCanvas::Constructor>: Deleting canvas with same name: cCorResult
Warning in <TCanvas::Constructor>: Deleting canvas with same name: cSigma
